<?xml version="1.0" encoding="UTF-8"?>
<coverage generated="1761491800498" clover="3.2.0">
  <project timestamp="1761491800498" name="All files">
    <metrics statements="121" coveredstatements="119" conditionals="47" coveredconditionals="45" methods="7" coveredmethods="7" elements="175" coveredelements="171" complexity="0" loc="121" ncloc="121" packages="1" files="1" classes="1"/>
    <file name="redact-it.ts" path="/home/alan/Repos/alanpcs/redact-it/src/redact-it.ts">
      <metrics statements="121" coveredstatements="119" conditionals="47" coveredconditionals="45" methods="7" coveredmethods="7"/>
      <line num="1" count="1" type="stmt"/>
      <line num="2" count="1" type="stmt"/>
      <line num="3" count="1" type="stmt"/>
      <line num="4" count="1" type="stmt"/>
      <line num="5" count="1" type="stmt"/>
      <line num="6" count="1" type="stmt"/>
      <line num="7" count="1" type="stmt"/>
      <line num="8" count="1" type="stmt"/>
      <line num="9" count="1" type="stmt"/>
      <line num="10" count="1" type="cond" truecount="1" falsecount="0"/>
      <line num="11" count="9" type="stmt"/>
      <line num="12" count="9" type="stmt"/>
      <line num="13" count="9" type="stmt"/>
      <line num="14" count="9" type="cond" truecount="1" falsecount="0"/>
      <line num="15" count="9" type="cond" truecount="1" falsecount="0"/>
      <line num="16" count="9" type="stmt"/>
      <line num="17" count="9" type="cond" truecount="2" falsecount="0"/>
      <line num="18" count="9" type="cond" truecount="1" falsecount="0"/>
      <line num="19" count="9" type="stmt"/>
      <line num="20" count="9" type="cond" truecount="1" falsecount="0"/>
      <line num="21" count="9" type="cond" truecount="0" falsecount="1"/>
      <line num="22" count="9" type="stmt"/>
      <line num="23" count="9" type="cond" truecount="2" falsecount="0"/>
      <line num="24" count="8" type="stmt"/>
      <line num="25" count="8" type="stmt"/>
      <line num="26" count="8" type="stmt"/>
      <line num="27" count="8" type="stmt"/>
      <line num="28" count="8" type="stmt"/>
      <line num="29" count="8" type="stmt"/>
      <line num="30" count="8" type="cond" truecount="1" falsecount="0"/>
      <line num="31" count="8" type="cond" truecount="1" falsecount="0"/>
      <line num="32" count="3" type="stmt"/>
      <line num="33" count="3" type="cond" truecount="1" falsecount="0"/>
      <line num="34" count="8" type="cond" truecount="1" falsecount="0"/>
      <line num="35" count="1" type="stmt"/>
      <line num="36" count="1" type="cond" truecount="1" falsecount="0"/>
      <line num="37" count="4" type="stmt"/>
      <line num="38" count="8" type="stmt"/>
      <line num="39" count="8" type="stmt"/>
      <line num="40" count="8" type="stmt"/>
      <line num="41" count="8" type="stmt"/>
      <line num="42" count="8" type="cond" truecount="1" falsecount="0"/>
      <line num="43" count="8" type="cond" truecount="2" falsecount="0"/>
      <line num="44" count="2" type="stmt"/>
      <line num="45" count="2" type="stmt"/>
      <line num="46" count="2" type="cond" truecount="1" falsecount="0"/>
      <line num="47" count="8" type="cond" truecount="1" falsecount="0"/>
      <line num="48" count="1" type="stmt"/>
      <line num="49" count="1" type="stmt"/>
      <line num="50" count="1" type="cond" truecount="1" falsecount="0"/>
      <line num="51" count="8" type="cond" truecount="1" falsecount="0"/>
      <line num="52" count="1" type="stmt"/>
      <line num="53" count="1" type="stmt"/>
      <line num="54" count="1" type="cond" truecount="1" falsecount="0"/>
      <line num="55" count="4" type="stmt"/>
      <line num="56" count="4" type="stmt"/>
      <line num="57" count="8" type="stmt"/>
      <line num="58" count="8" type="stmt"/>
      <line num="59" count="8" type="cond" truecount="1" falsecount="0"/>
      <line num="60" count="8" type="stmt"/>
      <line num="61" count="8" type="stmt"/>
      <line num="62" count="8" type="stmt"/>
      <line num="63" count="1" type="stmt"/>
      <line num="64" count="1" type="stmt"/>
      <line num="65" count="1" type="cond" truecount="1" falsecount="0"/>
      <line num="66" count="15" type="stmt"/>
      <line num="67" count="15" type="stmt"/>
      <line num="68" count="15" type="stmt"/>
      <line num="69" count="15" type="stmt"/>
      <line num="70" count="15" type="stmt"/>
      <line num="71" count="15" type="stmt"/>
      <line num="72" count="15" type="stmt"/>
      <line num="73" count="15" type="stmt"/>
      <line num="74" count="15" type="stmt"/>
      <line num="75" count="15" type="stmt"/>
      <line num="76" count="15" type="stmt"/>
      <line num="77" count="15" type="stmt"/>
      <line num="78" count="15" type="stmt"/>
      <line num="79" count="15" type="stmt"/>
      <line num="80" count="4" type="cond" truecount="1" falsecount="0"/>
      <line num="81" count="15" type="cond" truecount="2" falsecount="0"/>
      <line num="82" count="15" type="stmt"/>
      <line num="83" count="15" type="cond" truecount="1" falsecount="0"/>
      <line num="84" count="22" type="cond" truecount="1" falsecount="0"/>
      <line num="85" count="26" type="cond" truecount="1" falsecount="0"/>
      <line num="86" count="22" type="stmt"/>
      <line num="87" count="15" type="stmt"/>
      <line num="88" count="15" type="stmt"/>
      <line num="89" count="15" type="cond" truecount="1" falsecount="0"/>
      <line num="90" count="135" type="stmt"/>
      <line num="91" count="135" type="cond" truecount="1" falsecount="0"/>
      <line num="92" count="22" type="stmt"/>
      <line num="93" count="22" type="cond" truecount="1" falsecount="0"/>
      <line num="94" count="113" type="stmt"/>
      <line num="95" count="135" type="cond" truecount="1" falsecount="0"/>
      <line num="96" count="168" type="cond" truecount="1" falsecount="0"/>
      <line num="97" count="6" type="cond" truecount="1" falsecount="0"/>
      <line num="98" count="4" type="stmt"/>
      <line num="99" count="4" type="stmt"/>
      <line num="100" count="168" type="cond" truecount="1" falsecount="1"/>
      <line num="101" count="0" type="stmt"/>
      <line num="102" count="0" type="stmt"/>
      <line num="103" count="168" type="cond" truecount="1" falsecount="0"/>
      <line num="104" count="109" type="stmt"/>
      <line num="105" count="15" type="stmt"/>
      <line num="106" count="15" type="stmt"/>
      <line num="107" count="15" type="cond" truecount="1" falsecount="0"/>
      <line num="108" count="135" type="stmt"/>
      <line num="109" count="135" type="cond" truecount="1" falsecount="0"/>
      <line num="110" count="26" type="cond" truecount="1" falsecount="0"/>
      <line num="111" count="12" type="stmt"/>
      <line num="112" count="12" type="cond" truecount="1" falsecount="0"/>
      <line num="113" count="26" type="cond" truecount="1" falsecount="0"/>
      <line num="114" count="5" type="stmt"/>
      <line num="115" count="5" type="cond" truecount="1" falsecount="0"/>
      <line num="116" count="9" type="stmt"/>
      <line num="117" count="9" type="cond" truecount="1" falsecount="0"/>
      <line num="118" count="109" type="stmt"/>
      <line num="119" count="15" type="stmt"/>
      <line num="120" count="15" type="stmt"/>
      <line num="121" count="15" type="stmt"/>
    </file>
  </project>
</coverage>
