{"/home/alan/Repos/alanpcs/redact-it/src/redact-it.ts": {"path":"/home/alan/Repos/alanpcs/redact-it/src/redact-it.ts","all":false,"statementMap":{"0":{"start":{"line":1,"column":0},"end":{"line":1,"column":8}},"1":{"start":{"line":2,"column":0},"end":{"line":2,"column":7}},"2":{"start":{"line":3,"column":0},"end":{"line":3,"column":11}},"3":{"start":{"line":4,"column":0},"end":{"line":4,"column":17}},"4":{"start":{"line":5,"column":0},"end":{"line":5,"column":19}},"5":{"start":{"line":6,"column":0},"end":{"line":6,"column":17}},"6":{"start":{"line":7,"column":0},"end":{"line":7,"column":23}},"7":{"start":{"line":8,"column":0},"end":{"line":8,"column":20}},"8":{"start":{"line":9,"column":0},"end":{"line":9,"column":0}},"9":{"start":{"line":10,"column":0},"end":{"line":10,"column":31}},"10":{"start":{"line":11,"column":0},"end":{"line":11,"column":13}},"11":{"start":{"line":12,"column":0},"end":{"line":12,"column":46}},"12":{"start":{"line":13,"column":0},"end":{"line":13,"column":26}},"13":{"start":{"line":14,"column":0},"end":{"line":14,"column":42}},"14":{"start":{"line":15,"column":0},"end":{"line":15,"column":44}},"15":{"start":{"line":16,"column":0},"end":{"line":16,"column":84}},"16":{"start":{"line":17,"column":0},"end":{"line":17,"column":43}},"17":{"start":{"line":18,"column":0},"end":{"line":18,"column":0}},"18":{"start":{"line":19,"column":0},"end":{"line":19,"column":47}},"19":{"start":{"line":20,"column":0},"end":{"line":20,"column":64}},"20":{"start":{"line":21,"column":0},"end":{"line":21,"column":0}},"21":{"start":{"line":22,"column":0},"end":{"line":22,"column":54}},"22":{"start":{"line":23,"column":0},"end":{"line":23,"column":0}},"23":{"start":{"line":24,"column":0},"end":{"line":24,"column":36}},"24":{"start":{"line":25,"column":0},"end":{"line":25,"column":42}},"25":{"start":{"line":26,"column":0},"end":{"line":26,"column":68}},"26":{"start":{"line":27,"column":0},"end":{"line":27,"column":53}},"27":{"start":{"line":28,"column":0},"end":{"line":28,"column":0}},"28":{"start":{"line":29,"column":0},"end":{"line":29,"column":37}},"29":{"start":{"line":30,"column":0},"end":{"line":30,"column":32}},"30":{"start":{"line":31,"column":0},"end":{"line":31,"column":66}},"31":{"start":{"line":32,"column":0},"end":{"line":32,"column":5}},"32":{"start":{"line":33,"column":0},"end":{"line":33,"column":31}},"33":{"start":{"line":34,"column":0},"end":{"line":34,"column":58}},"34":{"start":{"line":35,"column":0},"end":{"line":35,"column":5}},"35":{"start":{"line":36,"column":0},"end":{"line":36,"column":56}},"36":{"start":{"line":37,"column":0},"end":{"line":37,"column":4}},"37":{"start":{"line":38,"column":0},"end":{"line":38,"column":0}},"38":{"start":{"line":39,"column":0},"end":{"line":39,"column":42}},"39":{"start":{"line":40,"column":0},"end":{"line":40,"column":0}},"40":{"start":{"line":41,"column":0},"end":{"line":41,"column":79}},"41":{"start":{"line":42,"column":0},"end":{"line":42,"column":30}},"42":{"start":{"line":43,"column":0},"end":{"line":43,"column":31}},"43":{"start":{"line":44,"column":0},"end":{"line":44,"column":61}},"44":{"start":{"line":45,"column":0},"end":{"line":45,"column":5}},"45":{"start":{"line":46,"column":0},"end":{"line":46,"column":13}},"46":{"start":{"line":47,"column":0},"end":{"line":47,"column":15}},"47":{"start":{"line":48,"column":0},"end":{"line":48,"column":46}},"48":{"start":{"line":49,"column":0},"end":{"line":49,"column":5}},"49":{"start":{"line":50,"column":0},"end":{"line":50,"column":31}},"50":{"start":{"line":51,"column":0},"end":{"line":51,"column":14}},"51":{"start":{"line":52,"column":0},"end":{"line":52,"column":41}},"52":{"start":{"line":53,"column":0},"end":{"line":53,"column":5}},"53":{"start":{"line":54,"column":0},"end":{"line":54,"column":11}},"54":{"start":{"line":55,"column":0},"end":{"line":55,"column":39}},"55":{"start":{"line":56,"column":0},"end":{"line":56,"column":4}},"56":{"start":{"line":57,"column":0},"end":{"line":57,"column":0}},"57":{"start":{"line":58,"column":0},"end":{"line":58,"column":78}},"58":{"start":{"line":59,"column":0},"end":{"line":59,"column":0}},"59":{"start":{"line":60,"column":0},"end":{"line":60,"column":43}},"60":{"start":{"line":61,"column":0},"end":{"line":61,"column":2}},"61":{"start":{"line":62,"column":0},"end":{"line":62,"column":0}},"62":{"start":{"line":63,"column":0},"end":{"line":63,"column":35}},"63":{"start":{"line":64,"column":0},"end":{"line":64,"column":46}},"64":{"start":{"line":65,"column":0},"end":{"line":65,"column":24}},"65":{"start":{"line":66,"column":0},"end":{"line":66,"column":29}},"66":{"start":{"line":67,"column":0},"end":{"line":67,"column":20}},"67":{"start":{"line":68,"column":0},"end":{"line":68,"column":29}},"68":{"start":{"line":69,"column":0},"end":{"line":69,"column":4}},"69":{"start":{"line":70,"column":0},"end":{"line":70,"column":0}},"70":{"start":{"line":71,"column":0},"end":{"line":71,"column":42}},"71":{"start":{"line":72,"column":0},"end":{"line":72,"column":25}},"72":{"start":{"line":73,"column":0},"end":{"line":73,"column":22}},"73":{"start":{"line":74,"column":0},"end":{"line":74,"column":4}},"74":{"start":{"line":75,"column":0},"end":{"line":75,"column":0}},"75":{"start":{"line":76,"column":0},"end":{"line":76,"column":61}},"76":{"start":{"line":77,"column":0},"end":{"line":77,"column":0}},"77":{"start":{"line":78,"column":0},"end":{"line":78,"column":63}},"78":{"start":{"line":79,"column":0},"end":{"line":79,"column":13}},"79":{"start":{"line":80,"column":0},"end":{"line":80,"column":34}},"80":{"start":{"line":81,"column":0},"end":{"line":81,"column":0}},"81":{"start":{"line":82,"column":0},"end":{"line":82,"column":52}},"82":{"start":{"line":83,"column":0},"end":{"line":83,"column":38}},"83":{"start":{"line":84,"column":0},"end":{"line":84,"column":58}},"84":{"start":{"line":85,"column":0},"end":{"line":85,"column":7}},"85":{"start":{"line":86,"column":0},"end":{"line":86,"column":5}},"86":{"start":{"line":87,"column":0},"end":{"line":87,"column":0}},"87":{"start":{"line":88,"column":0},"end":{"line":88,"column":52}},"88":{"start":{"line":89,"column":0},"end":{"line":89,"column":39}},"89":{"start":{"line":90,"column":0},"end":{"line":90,"column":15}},"90":{"start":{"line":91,"column":0},"end":{"line":91,"column":18}},"91":{"start":{"line":92,"column":0},"end":{"line":92,"column":5}},"92":{"start":{"line":93,"column":0},"end":{"line":93,"column":0}},"93":{"start":{"line":94,"column":0},"end":{"line":94,"column":59}},"94":{"start":{"line":95,"column":0},"end":{"line":95,"column":38}},"95":{"start":{"line":96,"column":0},"end":{"line":96,"column":32}},"96":{"start":{"line":97,"column":0},"end":{"line":97,"column":22}},"97":{"start":{"line":98,"column":0},"end":{"line":98,"column":9}},"98":{"start":{"line":99,"column":0},"end":{"line":99,"column":35}},"99":{"start":{"line":100,"column":0},"end":{"line":100,"column":20}},"100":{"start":{"line":101,"column":0},"end":{"line":101,"column":7}},"101":{"start":{"line":102,"column":0},"end":{"line":102,"column":5}},"102":{"start":{"line":103,"column":0},"end":{"line":103,"column":16}},"103":{"start":{"line":104,"column":0},"end":{"line":104,"column":4}},"104":{"start":{"line":105,"column":0},"end":{"line":105,"column":0}},"105":{"start":{"line":106,"column":0},"end":{"line":106,"column":51}},"106":{"start":{"line":107,"column":0},"end":{"line":107,"column":36}},"107":{"start":{"line":108,"column":0},"end":{"line":108,"column":15}},"108":{"start":{"line":109,"column":0},"end":{"line":109,"column":36}},"109":{"start":{"line":110,"column":0},"end":{"line":110,"column":31}},"110":{"start":{"line":111,"column":0},"end":{"line":111,"column":7}},"111":{"start":{"line":112,"column":0},"end":{"line":112,"column":37}},"112":{"start":{"line":113,"column":0},"end":{"line":113,"column":25}},"113":{"start":{"line":114,"column":0},"end":{"line":114,"column":7}},"114":{"start":{"line":115,"column":0},"end":{"line":115,"column":48}},"115":{"start":{"line":116,"column":0},"end":{"line":116,"column":5}},"116":{"start":{"line":117,"column":0},"end":{"line":117,"column":17}},"117":{"start":{"line":118,"column":0},"end":{"line":118,"column":4}},"118":{"start":{"line":119,"column":0},"end":{"line":119,"column":18}},"119":{"start":{"line":120,"column":0},"end":{"line":120,"column":2}}},"s":{"0":1,"1":1,"2":1,"3":1,"4":1,"5":1,"6":1,"7":1,"8":1,"9":1,"10":9,"11":9,"12":9,"13":9,"14":9,"15":9,"16":9,"17":9,"18":9,"19":9,"20":9,"21":9,"22":8,"23":8,"24":8,"25":8,"26":8,"27":8,"28":8,"29":8,"30":3,"31":3,"32":8,"33":1,"34":1,"35":4,"36":8,"37":8,"38":8,"39":8,"40":8,"41":8,"42":2,"43":2,"44":2,"45":8,"46":1,"47":1,"48":1,"49":8,"50":1,"51":1,"52":1,"53":4,"54":4,"55":8,"56":8,"57":8,"58":8,"59":8,"60":8,"61":1,"62":1,"63":1,"64":15,"65":15,"66":15,"67":15,"68":15,"69":15,"70":15,"71":15,"72":15,"73":15,"74":15,"75":15,"76":15,"77":15,"78":4,"79":15,"80":15,"81":15,"82":22,"83":26,"84":22,"85":15,"86":15,"87":15,"88":135,"89":135,"90":22,"91":22,"92":113,"93":135,"94":168,"95":6,"96":4,"97":4,"98":168,"99":0,"100":0,"101":168,"102":109,"103":15,"104":15,"105":15,"106":135,"107":135,"108":26,"109":12,"110":12,"111":26,"112":5,"113":5,"114":9,"115":9,"116":109,"117":15,"118":15,"119":15},"branchMap":{"0":{"type":"branch","line":10,"loc":{"start":{"line":10,"column":30},"end":{"line":61,"column":2}},"locations":[{"start":{"line":10,"column":30},"end":{"line":61,"column":2}}]},"1":{"type":"branch","line":14,"loc":{"start":{"line":14,"column":34},"end":{"line":14,"column":41}},"locations":[{"start":{"line":14,"column":34},"end":{"line":14,"column":41}}]},"2":{"type":"branch","line":15,"loc":{"start":{"line":15,"column":36},"end":{"line":15,"column":43}},"locations":[{"start":{"line":15,"column":36},"end":{"line":15,"column":43}}]},"3":{"type":"branch","line":16,"loc":{"start":{"line":16,"column":51},"end":{"line":16,"column":73}},"locations":[{"start":{"line":16,"column":51},"end":{"line":16,"column":73}}]},"4":{"type":"branch","line":16,"loc":{"start":{"line":16,"column":73},"end":{"line":16,"column":83}},"locations":[{"start":{"line":16,"column":73},"end":{"line":16,"column":83}}]},"5":{"type":"branch","line":17,"loc":{"start":{"line":17,"column":32},"end":{"line":17,"column":42}},"locations":[{"start":{"line":17,"column":32},"end":{"line":17,"column":42}}]},"6":{"type":"branch","line":22,"loc":{"start":{"line":22,"column":26},"end":{"line":22,"column":54}},"locations":[{"start":{"line":22,"column":26},"end":{"line":22,"column":54}}]},"7":{"type":"branch","line":22,"loc":{"start":{"line":22,"column":53},"end":{"line":61,"column":2}},"locations":[{"start":{"line":22,"column":53},"end":{"line":61,"column":2}}]},"8":{"type":"branch","line":19,"loc":{"start":{"line":19,"column":25},"end":{"line":20,"column":63}},"locations":[{"start":{"line":19,"column":25},"end":{"line":20,"column":63}}]},"9":{"type":"branch","line":20,"loc":{"start":{"line":20,"column":23},"end":{"line":20,"column":34}},"locations":[{"start":{"line":20,"column":23},"end":{"line":20,"column":34}}]},"10":{"type":"branch","line":29,"loc":{"start":{"line":29,"column":22},"end":{"line":37,"column":3}},"locations":[{"start":{"line":29,"column":22},"end":{"line":37,"column":3}}]},"11":{"type":"branch","line":30,"loc":{"start":{"line":30,"column":31},"end":{"line":32,"column":5}},"locations":[{"start":{"line":30,"column":31},"end":{"line":32,"column":5}}]},"12":{"type":"branch","line":32,"loc":{"start":{"line":32,"column":4},"end":{"line":33,"column":30}},"locations":[{"start":{"line":32,"column":4},"end":{"line":33,"column":30}}]},"13":{"type":"branch","line":33,"loc":{"start":{"line":33,"column":30},"end":{"line":35,"column":5}},"locations":[{"start":{"line":33,"column":30},"end":{"line":35,"column":5}}]},"14":{"type":"branch","line":35,"loc":{"start":{"line":35,"column":4},"end":{"line":37,"column":3}},"locations":[{"start":{"line":35,"column":4},"end":{"line":37,"column":3}}]},"15":{"type":"branch","line":41,"loc":{"start":{"line":41,"column":16},"end":{"line":56,"column":3}},"locations":[{"start":{"line":41,"column":16},"end":{"line":56,"column":3}}]},"16":{"type":"branch","line":42,"loc":{"start":{"line":42,"column":10},"end":{"line":42,"column":27}},"locations":[{"start":{"line":42,"column":10},"end":{"line":42,"column":27}}]},"17":{"type":"branch","line":42,"loc":{"start":{"line":42,"column":29},"end":{"line":45,"column":5}},"locations":[{"start":{"line":42,"column":29},"end":{"line":45,"column":5}}]},"18":{"type":"branch","line":45,"loc":{"start":{"line":45,"column":4},"end":{"line":46,"column":12}},"locations":[{"start":{"line":45,"column":4},"end":{"line":46,"column":12}}]},"19":{"type":"branch","line":46,"loc":{"start":{"line":46,"column":12},"end":{"line":49,"column":5}},"locations":[{"start":{"line":46,"column":12},"end":{"line":49,"column":5}}]},"20":{"type":"branch","line":49,"loc":{"start":{"line":49,"column":4},"end":{"line":50,"column":30}},"locations":[{"start":{"line":49,"column":4},"end":{"line":50,"column":30}}]},"21":{"type":"branch","line":50,"loc":{"start":{"line":50,"column":30},"end":{"line":53,"column":5}},"locations":[{"start":{"line":50,"column":30},"end":{"line":53,"column":5}}]},"22":{"type":"branch","line":53,"loc":{"start":{"line":53,"column":4},"end":{"line":56,"column":3}},"locations":[{"start":{"line":53,"column":4},"end":{"line":56,"column":3}}]},"23":{"type":"branch","line":58,"loc":{"start":{"line":58,"column":29},"end":{"line":58,"column":76}},"locations":[{"start":{"line":58,"column":29},"end":{"line":58,"column":76}}]},"24":{"type":"branch","line":64,"loc":{"start":{"line":64,"column":2},"end":{"line":120,"column":2}},"locations":[{"start":{"line":64,"column":2},"end":{"line":120,"column":2}}]},"25":{"type":"branch","line":79,"loc":{"start":{"line":79,"column":-1},"end":{"line":79,"column":13}},"locations":[{"start":{"line":79,"column":-1},"end":{"line":79,"column":13}}]},"26":{"type":"branch","line":80,"loc":{"start":{"line":80,"column":-1},"end":{"line":80,"column":33}},"locations":[{"start":{"line":80,"column":-1},"end":{"line":80,"column":33}}]},"27":{"type":"branch","line":80,"loc":{"start":{"line":80,"column":14},"end":{"line":80,"column":32}},"locations":[{"start":{"line":80,"column":14},"end":{"line":80,"column":32}}]},"28":{"type":"branch","line":82,"loc":{"start":{"line":82,"column":24},"end":{"line":86,"column":3}},"locations":[{"start":{"line":82,"column":24},"end":{"line":86,"column":3}}]},"29":{"type":"branch","line":83,"loc":{"start":{"line":83,"column":27},"end":{"line":85,"column":5}},"locations":[{"start":{"line":83,"column":27},"end":{"line":85,"column":5}}]},"30":{"type":"branch","line":84,"loc":{"start":{"line":84,"column":41},"end":{"line":84,"column":56}},"locations":[{"start":{"line":84,"column":41},"end":{"line":84,"column":56}}]},"31":{"type":"branch","line":88,"loc":{"start":{"line":88,"column":25},"end":{"line":104,"column":3}},"locations":[{"start":{"line":88,"column":25},"end":{"line":104,"column":3}}]},"32":{"type":"branch","line":90,"loc":{"start":{"line":90,"column":14},"end":{"line":92,"column":5}},"locations":[{"start":{"line":90,"column":14},"end":{"line":92,"column":5}}]},"33":{"type":"branch","line":92,"loc":{"start":{"line":92,"column":4},"end":{"line":94,"column":58}},"locations":[{"start":{"line":92,"column":4},"end":{"line":94,"column":58}}]},"34":{"type":"branch","line":94,"loc":{"start":{"line":94,"column":58},"end":{"line":102,"column":5}},"locations":[{"start":{"line":94,"column":58},"end":{"line":102,"column":5}}]},"35":{"type":"branch","line":95,"loc":{"start":{"line":95,"column":37},"end":{"line":99,"column":7}},"locations":[{"start":{"line":95,"column":37},"end":{"line":99,"column":7}}]},"36":{"type":"branch","line":96,"loc":{"start":{"line":96,"column":31},"end":{"line":98,"column":9}},"locations":[{"start":{"line":96,"column":31},"end":{"line":98,"column":9}}]},"37":{"type":"branch","line":99,"loc":{"start":{"line":99,"column":7},"end":{"line":101,"column":7}},"locations":[{"start":{"line":99,"column":7},"end":{"line":101,"column":7}}]},"38":{"type":"branch","line":99,"loc":{"start":{"line":99,"column":34},"end":{"line":101,"column":7}},"locations":[{"start":{"line":99,"column":34},"end":{"line":101,"column":7}}]},"39":{"type":"branch","line":102,"loc":{"start":{"line":102,"column":4},"end":{"line":104,"column":3}},"locations":[{"start":{"line":102,"column":4},"end":{"line":104,"column":3}}]},"40":{"type":"branch","line":106,"loc":{"start":{"line":106,"column":19},"end":{"line":118,"column":3}},"locations":[{"start":{"line":106,"column":19},"end":{"line":118,"column":3}}]},"41":{"type":"branch","line":108,"loc":{"start":{"line":108,"column":14},"end":{"line":116,"column":5}},"locations":[{"start":{"line":108,"column":14},"end":{"line":116,"column":5}}]},"42":{"type":"branch","line":109,"loc":{"start":{"line":109,"column":35},"end":{"line":111,"column":7}},"locations":[{"start":{"line":109,"column":35},"end":{"line":111,"column":7}}]},"43":{"type":"branch","line":111,"loc":{"start":{"line":111,"column":6},"end":{"line":112,"column":36}},"locations":[{"start":{"line":111,"column":6},"end":{"line":112,"column":36}}]},"44":{"type":"branch","line":112,"loc":{"start":{"line":112,"column":36},"end":{"line":114,"column":7}},"locations":[{"start":{"line":112,"column":36},"end":{"line":114,"column":7}}]},"45":{"type":"branch","line":114,"loc":{"start":{"line":114,"column":6},"end":{"line":116,"column":5}},"locations":[{"start":{"line":114,"column":6},"end":{"line":116,"column":5}}]},"46":{"type":"branch","line":116,"loc":{"start":{"line":116,"column":4},"end":{"line":118,"column":3}},"locations":[{"start":{"line":116,"column":4},"end":{"line":118,"column":3}}]}},"b":{"0":[9],"1":[1],"2":[1],"3":[3],"4":[1],"5":[5],"6":[1],"7":[8],"8":[19],"9":[0],"10":[8],"11":[3],"12":[5],"13":[1],"14":[4],"15":[8],"16":[3],"17":[2],"18":[6],"19":[1],"20":[5],"21":[1],"22":[4],"23":[8],"24":[15],"25":[4],"26":[11],"27":[2],"28":[22],"29":[26],"30":[6],"31":[135],"32":[22],"33":[113],"34":[168],"35":[6],"36":[4],"37":[162],"38":[0],"39":[109],"40":[135],"41":[26],"42":[12],"43":[14],"44":[5],"45":[9],"46":[109]},"fnMap":{"0":{"name":"percentageValueMasker","decl":{"start":{"line":10,"column":30},"end":{"line":61,"column":2}},"loc":{"start":{"line":10,"column":30},"end":{"line":61,"column":2}},"line":10},"1":{"name":"finalRedactor","decl":{"start":{"line":19,"column":25},"end":{"line":20,"column":63}},"loc":{"start":{"line":19,"column":25},"end":{"line":20,"column":63}},"line":19},"2":{"name":"regexString","decl":{"start":{"line":29,"column":22},"end":{"line":37,"column":3}},"loc":{"start":{"line":29,"column":22},"end":{"line":37,"column":3}},"line":29},"3":{"name":"masoq","decl":{"start":{"line":41,"column":16},"end":{"line":56,"column":3}},"loc":{"start":{"line":41,"column":16},"end":{"line":56,"column":3}},"line":41},"4":{"name":"redactIt","decl":{"start":{"line":64,"column":2},"end":{"line":120,"column":2}},"loc":{"start":{"line":64,"column":2},"end":{"line":120,"column":2}},"line":64},"5":{"name":"getMaskForKey","decl":{"start":{"line":88,"column":25},"end":{"line":104,"column":3}},"loc":{"start":{"line":88,"column":25},"end":{"line":104,"column":3}},"line":88},"6":{"name":"replacer","decl":{"start":{"line":106,"column":19},"end":{"line":118,"column":3}},"loc":{"start":{"line":106,"column":19},"end":{"line":118,"column":3}},"line":106}},"f":{"0":9,"1":19,"2":8,"3":8,"4":15,"5":135,"6":135}}
}
