{"/home/alan/Repos/alanpcs/redact-it/src/redact-it.ts": {"path":"/home/alan/Repos/alanpcs/redact-it/src/redact-it.ts","all":false,"statementMap":{"0":{"start":{"line":1,"column":0},"end":{"line":1,"column":8}},"1":{"start":{"line":2,"column":0},"end":{"line":2,"column":7}},"2":{"start":{"line":3,"column":0},"end":{"line":3,"column":11}},"3":{"start":{"line":4,"column":0},"end":{"line":4,"column":17}},"4":{"start":{"line":5,"column":0},"end":{"line":5,"column":19}},"5":{"start":{"line":6,"column":0},"end":{"line":6,"column":17}},"6":{"start":{"line":7,"column":0},"end":{"line":7,"column":23}},"7":{"start":{"line":8,"column":0},"end":{"line":8,"column":20}},"8":{"start":{"line":9,"column":0},"end":{"line":9,"column":0}},"9":{"start":{"line":10,"column":0},"end":{"line":10,"column":31}},"10":{"start":{"line":11,"column":0},"end":{"line":11,"column":13}},"11":{"start":{"line":12,"column":0},"end":{"line":12,"column":45}},"12":{"start":{"line":13,"column":0},"end":{"line":13,"column":26}},"13":{"start":{"line":14,"column":0},"end":{"line":14,"column":42}},"14":{"start":{"line":15,"column":0},"end":{"line":15,"column":44}},"15":{"start":{"line":16,"column":0},"end":{"line":16,"column":23}},"16":{"start":{"line":17,"column":0},"end":{"line":17,"column":64}},"17":{"start":{"line":18,"column":0},"end":{"line":18,"column":43}},"18":{"start":{"line":19,"column":0},"end":{"line":19,"column":0}},"19":{"start":{"line":20,"column":0},"end":{"line":20,"column":47}},"20":{"start":{"line":21,"column":0},"end":{"line":21,"column":64}},"21":{"start":{"line":22,"column":0},"end":{"line":22,"column":0}},"22":{"start":{"line":23,"column":0},"end":{"line":23,"column":54}},"23":{"start":{"line":24,"column":0},"end":{"line":24,"column":0}},"24":{"start":{"line":25,"column":0},"end":{"line":25,"column":36}},"25":{"start":{"line":26,"column":0},"end":{"line":26,"column":42}},"26":{"start":{"line":27,"column":0},"end":{"line":27,"column":68}},"27":{"start":{"line":28,"column":0},"end":{"line":28,"column":53}},"28":{"start":{"line":29,"column":0},"end":{"line":29,"column":0}},"29":{"start":{"line":30,"column":0},"end":{"line":30,"column":37}},"30":{"start":{"line":31,"column":0},"end":{"line":31,"column":32}},"31":{"start":{"line":32,"column":0},"end":{"line":32,"column":66}},"32":{"start":{"line":33,"column":0},"end":{"line":33,"column":5}},"33":{"start":{"line":34,"column":0},"end":{"line":34,"column":31}},"34":{"start":{"line":35,"column":0},"end":{"line":35,"column":58}},"35":{"start":{"line":36,"column":0},"end":{"line":36,"column":5}},"36":{"start":{"line":37,"column":0},"end":{"line":37,"column":56}},"37":{"start":{"line":38,"column":0},"end":{"line":38,"column":4}},"38":{"start":{"line":39,"column":0},"end":{"line":39,"column":0}},"39":{"start":{"line":40,"column":0},"end":{"line":40,"column":42}},"40":{"start":{"line":41,"column":0},"end":{"line":41,"column":0}},"41":{"start":{"line":42,"column":0},"end":{"line":42,"column":79}},"42":{"start":{"line":43,"column":0},"end":{"line":43,"column":30}},"43":{"start":{"line":44,"column":0},"end":{"line":44,"column":31}},"44":{"start":{"line":45,"column":0},"end":{"line":45,"column":61}},"45":{"start":{"line":46,"column":0},"end":{"line":46,"column":5}},"46":{"start":{"line":47,"column":0},"end":{"line":47,"column":13}},"47":{"start":{"line":48,"column":0},"end":{"line":48,"column":15}},"48":{"start":{"line":49,"column":0},"end":{"line":49,"column":46}},"49":{"start":{"line":50,"column":0},"end":{"line":50,"column":5}},"50":{"start":{"line":51,"column":0},"end":{"line":51,"column":31}},"51":{"start":{"line":52,"column":0},"end":{"line":52,"column":14}},"52":{"start":{"line":53,"column":0},"end":{"line":53,"column":41}},"53":{"start":{"line":54,"column":0},"end":{"line":54,"column":5}},"54":{"start":{"line":55,"column":0},"end":{"line":55,"column":11}},"55":{"start":{"line":56,"column":0},"end":{"line":56,"column":39}},"56":{"start":{"line":57,"column":0},"end":{"line":57,"column":4}},"57":{"start":{"line":58,"column":0},"end":{"line":58,"column":0}},"58":{"start":{"line":59,"column":0},"end":{"line":59,"column":78}},"59":{"start":{"line":60,"column":0},"end":{"line":60,"column":0}},"60":{"start":{"line":61,"column":0},"end":{"line":61,"column":43}},"61":{"start":{"line":62,"column":0},"end":{"line":62,"column":2}},"62":{"start":{"line":63,"column":0},"end":{"line":63,"column":0}},"63":{"start":{"line":64,"column":0},"end":{"line":64,"column":35}},"64":{"start":{"line":65,"column":0},"end":{"line":65,"column":45}},"65":{"start":{"line":66,"column":0},"end":{"line":66,"column":24}},"66":{"start":{"line":67,"column":0},"end":{"line":67,"column":29}},"67":{"start":{"line":68,"column":0},"end":{"line":68,"column":20}},"68":{"start":{"line":69,"column":0},"end":{"line":69,"column":29}},"69":{"start":{"line":70,"column":0},"end":{"line":70,"column":4}},"70":{"start":{"line":71,"column":0},"end":{"line":71,"column":0}},"71":{"start":{"line":72,"column":0},"end":{"line":72,"column":42}},"72":{"start":{"line":73,"column":0},"end":{"line":73,"column":25}},"73":{"start":{"line":74,"column":0},"end":{"line":74,"column":22}},"74":{"start":{"line":75,"column":0},"end":{"line":75,"column":4}},"75":{"start":{"line":76,"column":0},"end":{"line":76,"column":0}},"76":{"start":{"line":77,"column":0},"end":{"line":77,"column":61}},"77":{"start":{"line":78,"column":0},"end":{"line":78,"column":0}},"78":{"start":{"line":79,"column":0},"end":{"line":79,"column":63}},"79":{"start":{"line":80,"column":0},"end":{"line":80,"column":13}},"80":{"start":{"line":81,"column":0},"end":{"line":81,"column":34}},"81":{"start":{"line":82,"column":0},"end":{"line":82,"column":0}},"82":{"start":{"line":83,"column":0},"end":{"line":83,"column":52}},"83":{"start":{"line":84,"column":0},"end":{"line":84,"column":38}},"84":{"start":{"line":85,"column":0},"end":{"line":85,"column":58}},"85":{"start":{"line":86,"column":0},"end":{"line":86,"column":7}},"86":{"start":{"line":87,"column":0},"end":{"line":87,"column":5}},"87":{"start":{"line":88,"column":0},"end":{"line":88,"column":0}},"88":{"start":{"line":89,"column":0},"end":{"line":89,"column":52}},"89":{"start":{"line":90,"column":0},"end":{"line":90,"column":39}},"90":{"start":{"line":91,"column":0},"end":{"line":91,"column":15}},"91":{"start":{"line":92,"column":0},"end":{"line":92,"column":18}},"92":{"start":{"line":93,"column":0},"end":{"line":93,"column":5}},"93":{"start":{"line":94,"column":0},"end":{"line":94,"column":0}},"94":{"start":{"line":95,"column":0},"end":{"line":95,"column":59}},"95":{"start":{"line":96,"column":0},"end":{"line":96,"column":38}},"96":{"start":{"line":97,"column":0},"end":{"line":97,"column":32}},"97":{"start":{"line":98,"column":0},"end":{"line":98,"column":22}},"98":{"start":{"line":99,"column":0},"end":{"line":99,"column":9}},"99":{"start":{"line":100,"column":0},"end":{"line":100,"column":35}},"100":{"start":{"line":101,"column":0},"end":{"line":101,"column":20}},"101":{"start":{"line":102,"column":0},"end":{"line":102,"column":7}},"102":{"start":{"line":103,"column":0},"end":{"line":103,"column":5}},"103":{"start":{"line":104,"column":0},"end":{"line":104,"column":16}},"104":{"start":{"line":105,"column":0},"end":{"line":105,"column":4}},"105":{"start":{"line":106,"column":0},"end":{"line":106,"column":0}},"106":{"start":{"line":107,"column":0},"end":{"line":107,"column":51}},"107":{"start":{"line":108,"column":0},"end":{"line":108,"column":36}},"108":{"start":{"line":109,"column":0},"end":{"line":109,"column":15}},"109":{"start":{"line":110,"column":0},"end":{"line":110,"column":36}},"110":{"start":{"line":111,"column":0},"end":{"line":111,"column":31}},"111":{"start":{"line":112,"column":0},"end":{"line":112,"column":7}},"112":{"start":{"line":113,"column":0},"end":{"line":113,"column":37}},"113":{"start":{"line":114,"column":0},"end":{"line":114,"column":25}},"114":{"start":{"line":115,"column":0},"end":{"line":115,"column":7}},"115":{"start":{"line":116,"column":0},"end":{"line":116,"column":48}},"116":{"start":{"line":117,"column":0},"end":{"line":117,"column":5}},"117":{"start":{"line":118,"column":0},"end":{"line":118,"column":17}},"118":{"start":{"line":119,"column":0},"end":{"line":119,"column":4}},"119":{"start":{"line":120,"column":0},"end":{"line":120,"column":18}},"120":{"start":{"line":121,"column":0},"end":{"line":121,"column":2}}},"s":{"0":1,"1":1,"2":1,"3":1,"4":1,"5":1,"6":1,"7":1,"8":1,"9":1,"10":9,"11":9,"12":9,"13":9,"14":9,"15":9,"16":9,"17":9,"18":9,"19":9,"20":9,"21":9,"22":9,"23":8,"24":8,"25":8,"26":8,"27":8,"28":8,"29":8,"30":8,"31":3,"32":3,"33":8,"34":1,"35":1,"36":4,"37":8,"38":8,"39":8,"40":8,"41":8,"42":8,"43":2,"44":2,"45":2,"46":8,"47":1,"48":1,"49":1,"50":8,"51":1,"52":1,"53":1,"54":4,"55":4,"56":8,"57":8,"58":8,"59":8,"60":8,"61":8,"62":1,"63":1,"64":1,"65":15,"66":15,"67":15,"68":15,"69":15,"70":15,"71":15,"72":15,"73":15,"74":15,"75":15,"76":15,"77":15,"78":15,"79":4,"80":15,"81":15,"82":15,"83":22,"84":26,"85":22,"86":15,"87":15,"88":15,"89":135,"90":135,"91":22,"92":22,"93":113,"94":135,"95":168,"96":6,"97":4,"98":4,"99":168,"100":0,"101":0,"102":168,"103":109,"104":15,"105":15,"106":15,"107":135,"108":135,"109":26,"110":12,"111":12,"112":26,"113":5,"114":5,"115":9,"116":9,"117":109,"118":15,"119":15,"120":15},"branchMap":{"0":{"type":"branch","line":10,"loc":{"start":{"line":10,"column":30},"end":{"line":62,"column":2}},"locations":[{"start":{"line":10,"column":30},"end":{"line":62,"column":2}}]},"1":{"type":"branch","line":14,"loc":{"start":{"line":14,"column":34},"end":{"line":14,"column":41}},"locations":[{"start":{"line":14,"column":34},"end":{"line":14,"column":41}}]},"2":{"type":"branch","line":15,"loc":{"start":{"line":15,"column":36},"end":{"line":15,"column":43}},"locations":[{"start":{"line":15,"column":36},"end":{"line":15,"column":43}}]},"3":{"type":"branch","line":17,"loc":{"start":{"line":17,"column":31},"end":{"line":17,"column":53}},"locations":[{"start":{"line":17,"column":31},"end":{"line":17,"column":53}}]},"4":{"type":"branch","line":17,"loc":{"start":{"line":17,"column":53},"end":{"line":17,"column":63}},"locations":[{"start":{"line":17,"column":53},"end":{"line":17,"column":63}}]},"5":{"type":"branch","line":18,"loc":{"start":{"line":18,"column":32},"end":{"line":18,"column":42}},"locations":[{"start":{"line":18,"column":32},"end":{"line":18,"column":42}}]},"6":{"type":"branch","line":23,"loc":{"start":{"line":23,"column":26},"end":{"line":23,"column":54}},"locations":[{"start":{"line":23,"column":26},"end":{"line":23,"column":54}}]},"7":{"type":"branch","line":23,"loc":{"start":{"line":23,"column":53},"end":{"line":62,"column":2}},"locations":[{"start":{"line":23,"column":53},"end":{"line":62,"column":2}}]},"8":{"type":"branch","line":20,"loc":{"start":{"line":20,"column":25},"end":{"line":21,"column":63}},"locations":[{"start":{"line":20,"column":25},"end":{"line":21,"column":63}}]},"9":{"type":"branch","line":21,"loc":{"start":{"line":21,"column":23},"end":{"line":21,"column":34}},"locations":[{"start":{"line":21,"column":23},"end":{"line":21,"column":34}}]},"10":{"type":"branch","line":30,"loc":{"start":{"line":30,"column":22},"end":{"line":38,"column":3}},"locations":[{"start":{"line":30,"column":22},"end":{"line":38,"column":3}}]},"11":{"type":"branch","line":31,"loc":{"start":{"line":31,"column":31},"end":{"line":33,"column":5}},"locations":[{"start":{"line":31,"column":31},"end":{"line":33,"column":5}}]},"12":{"type":"branch","line":33,"loc":{"start":{"line":33,"column":4},"end":{"line":34,"column":30}},"locations":[{"start":{"line":33,"column":4},"end":{"line":34,"column":30}}]},"13":{"type":"branch","line":34,"loc":{"start":{"line":34,"column":30},"end":{"line":36,"column":5}},"locations":[{"start":{"line":34,"column":30},"end":{"line":36,"column":5}}]},"14":{"type":"branch","line":36,"loc":{"start":{"line":36,"column":4},"end":{"line":38,"column":3}},"locations":[{"start":{"line":36,"column":4},"end":{"line":38,"column":3}}]},"15":{"type":"branch","line":42,"loc":{"start":{"line":42,"column":16},"end":{"line":57,"column":3}},"locations":[{"start":{"line":42,"column":16},"end":{"line":57,"column":3}}]},"16":{"type":"branch","line":43,"loc":{"start":{"line":43,"column":10},"end":{"line":43,"column":27}},"locations":[{"start":{"line":43,"column":10},"end":{"line":43,"column":27}}]},"17":{"type":"branch","line":43,"loc":{"start":{"line":43,"column":29},"end":{"line":46,"column":5}},"locations":[{"start":{"line":43,"column":29},"end":{"line":46,"column":5}}]},"18":{"type":"branch","line":46,"loc":{"start":{"line":46,"column":4},"end":{"line":47,"column":12}},"locations":[{"start":{"line":46,"column":4},"end":{"line":47,"column":12}}]},"19":{"type":"branch","line":47,"loc":{"start":{"line":47,"column":12},"end":{"line":50,"column":5}},"locations":[{"start":{"line":47,"column":12},"end":{"line":50,"column":5}}]},"20":{"type":"branch","line":50,"loc":{"start":{"line":50,"column":4},"end":{"line":51,"column":30}},"locations":[{"start":{"line":50,"column":4},"end":{"line":51,"column":30}}]},"21":{"type":"branch","line":51,"loc":{"start":{"line":51,"column":30},"end":{"line":54,"column":5}},"locations":[{"start":{"line":51,"column":30},"end":{"line":54,"column":5}}]},"22":{"type":"branch","line":54,"loc":{"start":{"line":54,"column":4},"end":{"line":57,"column":3}},"locations":[{"start":{"line":54,"column":4},"end":{"line":57,"column":3}}]},"23":{"type":"branch","line":59,"loc":{"start":{"line":59,"column":29},"end":{"line":59,"column":76}},"locations":[{"start":{"line":59,"column":29},"end":{"line":59,"column":76}}]},"24":{"type":"branch","line":65,"loc":{"start":{"line":65,"column":2},"end":{"line":121,"column":2}},"locations":[{"start":{"line":65,"column":2},"end":{"line":121,"column":2}}]},"25":{"type":"branch","line":80,"loc":{"start":{"line":80,"column":-1},"end":{"line":80,"column":13}},"locations":[{"start":{"line":80,"column":-1},"end":{"line":80,"column":13}}]},"26":{"type":"branch","line":81,"loc":{"start":{"line":81,"column":-1},"end":{"line":81,"column":33}},"locations":[{"start":{"line":81,"column":-1},"end":{"line":81,"column":33}}]},"27":{"type":"branch","line":81,"loc":{"start":{"line":81,"column":14},"end":{"line":81,"column":32}},"locations":[{"start":{"line":81,"column":14},"end":{"line":81,"column":32}}]},"28":{"type":"branch","line":83,"loc":{"start":{"line":83,"column":24},"end":{"line":87,"column":3}},"locations":[{"start":{"line":83,"column":24},"end":{"line":87,"column":3}}]},"29":{"type":"branch","line":84,"loc":{"start":{"line":84,"column":27},"end":{"line":86,"column":5}},"locations":[{"start":{"line":84,"column":27},"end":{"line":86,"column":5}}]},"30":{"type":"branch","line":85,"loc":{"start":{"line":85,"column":41},"end":{"line":85,"column":56}},"locations":[{"start":{"line":85,"column":41},"end":{"line":85,"column":56}}]},"31":{"type":"branch","line":89,"loc":{"start":{"line":89,"column":25},"end":{"line":105,"column":3}},"locations":[{"start":{"line":89,"column":25},"end":{"line":105,"column":3}}]},"32":{"type":"branch","line":91,"loc":{"start":{"line":91,"column":14},"end":{"line":93,"column":5}},"locations":[{"start":{"line":91,"column":14},"end":{"line":93,"column":5}}]},"33":{"type":"branch","line":93,"loc":{"start":{"line":93,"column":4},"end":{"line":95,"column":58}},"locations":[{"start":{"line":93,"column":4},"end":{"line":95,"column":58}}]},"34":{"type":"branch","line":95,"loc":{"start":{"line":95,"column":58},"end":{"line":103,"column":5}},"locations":[{"start":{"line":95,"column":58},"end":{"line":103,"column":5}}]},"35":{"type":"branch","line":96,"loc":{"start":{"line":96,"column":37},"end":{"line":100,"column":7}},"locations":[{"start":{"line":96,"column":37},"end":{"line":100,"column":7}}]},"36":{"type":"branch","line":97,"loc":{"start":{"line":97,"column":31},"end":{"line":99,"column":9}},"locations":[{"start":{"line":97,"column":31},"end":{"line":99,"column":9}}]},"37":{"type":"branch","line":100,"loc":{"start":{"line":100,"column":7},"end":{"line":102,"column":7}},"locations":[{"start":{"line":100,"column":7},"end":{"line":102,"column":7}}]},"38":{"type":"branch","line":100,"loc":{"start":{"line":100,"column":34},"end":{"line":102,"column":7}},"locations":[{"start":{"line":100,"column":34},"end":{"line":102,"column":7}}]},"39":{"type":"branch","line":103,"loc":{"start":{"line":103,"column":4},"end":{"line":105,"column":3}},"locations":[{"start":{"line":103,"column":4},"end":{"line":105,"column":3}}]},"40":{"type":"branch","line":107,"loc":{"start":{"line":107,"column":19},"end":{"line":119,"column":3}},"locations":[{"start":{"line":107,"column":19},"end":{"line":119,"column":3}}]},"41":{"type":"branch","line":109,"loc":{"start":{"line":109,"column":14},"end":{"line":117,"column":5}},"locations":[{"start":{"line":109,"column":14},"end":{"line":117,"column":5}}]},"42":{"type":"branch","line":110,"loc":{"start":{"line":110,"column":35},"end":{"line":112,"column":7}},"locations":[{"start":{"line":110,"column":35},"end":{"line":112,"column":7}}]},"43":{"type":"branch","line":112,"loc":{"start":{"line":112,"column":6},"end":{"line":113,"column":36}},"locations":[{"start":{"line":112,"column":6},"end":{"line":113,"column":36}}]},"44":{"type":"branch","line":113,"loc":{"start":{"line":113,"column":36},"end":{"line":115,"column":7}},"locations":[{"start":{"line":113,"column":36},"end":{"line":115,"column":7}}]},"45":{"type":"branch","line":115,"loc":{"start":{"line":115,"column":6},"end":{"line":117,"column":5}},"locations":[{"start":{"line":115,"column":6},"end":{"line":117,"column":5}}]},"46":{"type":"branch","line":117,"loc":{"start":{"line":117,"column":4},"end":{"line":119,"column":3}},"locations":[{"start":{"line":117,"column":4},"end":{"line":119,"column":3}}]}},"b":{"0":[9],"1":[1],"2":[1],"3":[3],"4":[1],"5":[5],"6":[1],"7":[8],"8":[19],"9":[0],"10":[8],"11":[3],"12":[5],"13":[1],"14":[4],"15":[8],"16":[3],"17":[2],"18":[6],"19":[1],"20":[5],"21":[1],"22":[4],"23":[8],"24":[15],"25":[4],"26":[11],"27":[2],"28":[22],"29":[26],"30":[6],"31":[135],"32":[22],"33":[113],"34":[168],"35":[6],"36":[4],"37":[162],"38":[0],"39":[109],"40":[135],"41":[26],"42":[12],"43":[14],"44":[5],"45":[9],"46":[109]},"fnMap":{"0":{"name":"percentageValueMasker","decl":{"start":{"line":10,"column":30},"end":{"line":62,"column":2}},"loc":{"start":{"line":10,"column":30},"end":{"line":62,"column":2}},"line":10},"1":{"name":"finalRedactor","decl":{"start":{"line":20,"column":25},"end":{"line":21,"column":63}},"loc":{"start":{"line":20,"column":25},"end":{"line":21,"column":63}},"line":20},"2":{"name":"regexString","decl":{"start":{"line":30,"column":22},"end":{"line":38,"column":3}},"loc":{"start":{"line":30,"column":22},"end":{"line":38,"column":3}},"line":30},"3":{"name":"masoq","decl":{"start":{"line":42,"column":16},"end":{"line":57,"column":3}},"loc":{"start":{"line":42,"column":16},"end":{"line":57,"column":3}},"line":42},"4":{"name":"redactIt","decl":{"start":{"line":65,"column":2},"end":{"line":121,"column":2}},"loc":{"start":{"line":65,"column":2},"end":{"line":121,"column":2}},"line":65},"5":{"name":"getMaskForKey","decl":{"start":{"line":89,"column":25},"end":{"line":105,"column":3}},"loc":{"start":{"line":89,"column":25},"end":{"line":105,"column":3}},"line":89},"6":{"name":"replacer","decl":{"start":{"line":107,"column":19},"end":{"line":119,"column":3}},"loc":{"start":{"line":107,"column":19},"end":{"line":119,"column":3}},"line":107}},"f":{"0":9,"1":19,"2":8,"3":8,"4":15,"5":135,"6":135}}
}
