TN:
SF:src/redact-it.ts
FN:10,percentageValueMasker
FN:20,finalRedactor
FN:30,regexString
FN:42,masoq
FN:65,redactIt
FN:89,getMaskForKey
FN:107,replacer
FNF:7
FNH:7
FNDA:9,percentageValueMasker
FNDA:19,finalRedactor
FNDA:8,regexString
FNDA:8,masoq
FNDA:15,redactIt
FNDA:135,getMaskForKey
FNDA:135,replacer
DA:1,1
DA:2,1
DA:3,1
DA:4,1
DA:5,1
DA:6,1
DA:7,1
DA:8,1
DA:9,1
DA:10,1
DA:11,9
DA:12,9
DA:13,9
DA:14,9
DA:15,9
DA:16,9
DA:17,9
DA:18,9
DA:19,9
DA:20,9
DA:21,9
DA:22,9
DA:23,9
DA:24,8
DA:25,8
DA:26,8
DA:27,8
DA:28,8
DA:29,8
DA:30,8
DA:31,8
DA:32,3
DA:33,3
DA:34,8
DA:35,1
DA:36,1
DA:37,4
DA:38,8
DA:39,8
DA:40,8
DA:41,8
DA:42,8
DA:43,8
DA:44,2
DA:45,2
DA:46,2
DA:47,8
DA:48,1
DA:49,1
DA:50,1
DA:51,8
DA:52,1
DA:53,1
DA:54,1
DA:55,4
DA:56,4
DA:57,8
DA:58,8
DA:59,8
DA:60,8
DA:61,8
DA:62,8
DA:63,1
DA:64,1
DA:65,1
DA:66,15
DA:67,15
DA:68,15
DA:69,15
DA:70,15
DA:71,15
DA:72,15
DA:73,15
DA:74,15
DA:75,15
DA:76,15
DA:77,15
DA:78,15
DA:79,15
DA:80,4
DA:81,15
DA:82,15
DA:83,15
DA:84,22
DA:85,26
DA:86,22
DA:87,15
DA:88,15
DA:89,15
DA:90,135
DA:91,135
DA:92,22
DA:93,22
DA:94,113
DA:95,135
DA:96,168
DA:97,6
DA:98,4
DA:99,4
DA:100,168
DA:101,0
DA:102,0
DA:103,168
DA:104,109
DA:105,15
DA:106,15
DA:107,15
DA:108,135
DA:109,135
DA:110,26
DA:111,12
DA:112,12
DA:113,26
DA:114,5
DA:115,5
DA:116,9
DA:117,9
DA:118,109
DA:119,15
DA:120,15
DA:121,15
LF:121
LH:119
BRDA:10,0,0,9
BRDA:14,1,0,1
BRDA:15,2,0,1
BRDA:17,3,0,3
BRDA:17,4,0,1
BRDA:18,5,0,5
BRDA:23,6,0,1
BRDA:23,7,0,8
BRDA:20,8,0,19
BRDA:21,9,0,0
BRDA:30,10,0,8
BRDA:31,11,0,3
BRDA:33,12,0,5
BRDA:34,13,0,1
BRDA:36,14,0,4
BRDA:42,15,0,8
BRDA:43,16,0,3
BRDA:43,17,0,2
BRDA:46,18,0,6
BRDA:47,19,0,1
BRDA:50,20,0,5
BRDA:51,21,0,1
BRDA:54,22,0,4
BRDA:59,23,0,8
BRDA:65,24,0,15
BRDA:80,25,0,4
BRDA:81,26,0,11
BRDA:81,27,0,2
BRDA:83,28,0,22
BRDA:84,29,0,26
BRDA:85,30,0,6
BRDA:89,31,0,135
BRDA:91,32,0,22
BRDA:93,33,0,113
BRDA:95,34,0,168
BRDA:96,35,0,6
BRDA:97,36,0,4
BRDA:100,37,0,162
BRDA:100,38,0,0
BRDA:103,39,0,109
BRDA:107,40,0,135
BRDA:109,41,0,26
BRDA:110,42,0,12
BRDA:112,43,0,14
BRDA:113,44,0,5
BRDA:115,45,0,9
BRDA:117,46,0,109
BRF:47
BRH:45
end_of_record
