TN:
SF:src/redact-it.ts
FN:10,percentageValueMasker
FN:19,finalRedactor
FN:29,regexString
FN:41,masoq
FN:64,redactIt
FN:88,getMaskForKey
FN:106,replacer
FNF:7
FNH:7
FNDA:9,percentageValueMasker
FNDA:19,finalRedactor
FNDA:8,regexString
FNDA:8,masoq
FNDA:15,redactIt
FNDA:135,getMaskForKey
FNDA:135,replacer
DA:1,1
DA:2,1
DA:3,1
DA:4,1
DA:5,1
DA:6,1
DA:7,1
DA:8,1
DA:9,1
DA:10,1
DA:11,9
DA:12,9
DA:13,9
DA:14,9
DA:15,9
DA:16,9
DA:17,9
DA:18,9
DA:19,9
DA:20,9
DA:21,9
DA:22,9
DA:23,8
DA:24,8
DA:25,8
DA:26,8
DA:27,8
DA:28,8
DA:29,8
DA:30,8
DA:31,3
DA:32,3
DA:33,8
DA:34,1
DA:35,1
DA:36,4
DA:37,8
DA:38,8
DA:39,8
DA:40,8
DA:41,8
DA:42,8
DA:43,2
DA:44,2
DA:45,2
DA:46,8
DA:47,1
DA:48,1
DA:49,1
DA:50,8
DA:51,1
DA:52,1
DA:53,1
DA:54,4
DA:55,4
DA:56,8
DA:57,8
DA:58,8
DA:59,8
DA:60,8
DA:61,8
DA:62,1
DA:63,1
DA:64,1
DA:65,15
DA:66,15
DA:67,15
DA:68,15
DA:69,15
DA:70,15
DA:71,15
DA:72,15
DA:73,15
DA:74,15
DA:75,15
DA:76,15
DA:77,15
DA:78,15
DA:79,4
DA:80,15
DA:81,15
DA:82,15
DA:83,22
DA:84,26
DA:85,22
DA:86,15
DA:87,15
DA:88,15
DA:89,135
DA:90,135
DA:91,22
DA:92,22
DA:93,113
DA:94,135
DA:95,168
DA:96,6
DA:97,4
DA:98,4
DA:99,168
DA:100,0
DA:101,0
DA:102,168
DA:103,109
DA:104,15
DA:105,15
DA:106,15
DA:107,135
DA:108,135
DA:109,26
DA:110,12
DA:111,12
DA:112,26
DA:113,5
DA:114,5
DA:115,9
DA:116,9
DA:117,109
DA:118,15
DA:119,15
DA:120,15
LF:120
LH:118
BRDA:10,0,0,9
BRDA:14,1,0,1
BRDA:15,2,0,1
BRDA:16,3,0,3
BRDA:16,4,0,1
BRDA:17,5,0,5
BRDA:22,6,0,1
BRDA:22,7,0,8
BRDA:19,8,0,19
BRDA:20,9,0,0
BRDA:29,10,0,8
BRDA:30,11,0,3
BRDA:32,12,0,5
BRDA:33,13,0,1
BRDA:35,14,0,4
BRDA:41,15,0,8
BRDA:42,16,0,3
BRDA:42,17,0,2
BRDA:45,18,0,6
BRDA:46,19,0,1
BRDA:49,20,0,5
BRDA:50,21,0,1
BRDA:53,22,0,4
BRDA:58,23,0,8
BRDA:64,24,0,15
BRDA:79,25,0,4
BRDA:80,26,0,11
BRDA:80,27,0,2
BRDA:82,28,0,22
BRDA:83,29,0,26
BRDA:84,30,0,6
BRDA:88,31,0,135
BRDA:90,32,0,22
BRDA:92,33,0,113
BRDA:94,34,0,168
BRDA:95,35,0,6
BRDA:96,36,0,4
BRDA:99,37,0,162
BRDA:99,38,0,0
BRDA:102,39,0,109
BRDA:106,40,0,135
BRDA:108,41,0,26
BRDA:109,42,0,12
BRDA:111,43,0,14
BRDA:112,44,0,5
BRDA:114,45,0,9
BRDA:116,46,0,109
BRF:47
BRH:45
end_of_record
